#
# There is insufficient memory for the Java Runtime Environment to continue.
# Native memory allocation (mmap) failed to map 132120576 bytes. Error detail: G1 virtual space
# Possible reasons:
#   The system is out of physical RAM or swap space
#   This process is running with CompressedOops enabled, and the Java Heap may be blocking the growth of the native heap
# Possible solutions:
#   Reduce memory load on the system
#   Increase physical memory or swap space
#   Check if swap backing store is full
#   Decrease Java heap size (-Xmx/-Xms)
#   Decrease number of Java threads
#   Decrease Java thread stack sizes (-Xss)
#   Set larger code cache with -XX:ReservedCodeCacheSize=
#   JVM is running with Unscaled Compressed Oops mode in which the Java heap is
#     placed in the first 4GB address space. The Java Heap base address is the
#     maximum limit for the native heap growth. Please use -XX:HeapBaseMinAddress
#     to set the Java Heap base and to place the Java Heap above 4GB virtual address.
# This output file may be truncated or incomplete.
#
#  Out of Memory Error (os_windows.cpp:3703), pid=15236, tid=6824
#
# JRE version:  (23.0+37) (build )
# Java VM: OpenJDK 64-Bit Server VM (23+37-2369, mixed mode, sharing, tiered, compressed oops, compressed class ptrs, g1 gc, windows-amd64)
# No core dump will be written. Minidumps are not enabled by default on client versions of Windows
#

---------------  S U M M A R Y ------------

Command Line: -agentlib:jdwp=transport=dt_socket,address=127.0.0.1:64654,suspend=y,server=n -javaagent:C:\Users\Admin\AppData\Local\JetBrains\IdeaIC2024.2\captureAgent\debugger-agent.jar -Dkotlinx.coroutines.debug.enable.creation.stack.trace=false -Ddebugger.agent.enable.coroutines=true -Dfile.encoding=UTF-8 -Dsun.stdout.encoding=UTF-8 -Dsun.stderr.encoding=UTF-8 Oct.ex_24102024.primenumbers

Host: Intel(R) Core(TM) i3-7020U CPU @ 2.30GHz, 4 cores, 7G,  Windows 10 , 64 bit Build 19041 (10.0.19041.4957)
Time: Thu Oct 24 19:28:26 2024 India Standard Time elapsed time: 0.369974 seconds (0d 0h 0m 0s)

---------------  T H R E A D  ---------------

Current thread (0x000001f42ec85880):  JavaThread "Unknown thread" [_thread_in_vm, id=6824, stack(0x0000004cc9c00000,0x0000004cc9d00000) (1024K)]

Stack: [0x0000004cc9c00000,0x0000004cc9d00000]
Native frames: (J=compiled Java code, j=interpreted, Vv=VM code, C=native code)
V  [jvm.dll+0x6e08a9]  (no source info available)
V  [jvm.dll+0x87da63]  (no source info available)
V  [jvm.dll+0x87feee]  (no source info available)
V  [jvm.dll+0x8805c3]  (no source info available)
V  [jvm.dll+0x27aee6]  (no source info available)
V  [jvm.dll+0x6dd1b5]  (no source info available)
V  [jvm.dll+0x6d103a]  (no source info available)
V  [jvm.dll+0x35b3ea]  (no source info available)
V  [jvm.dll+0x3637f6]  (no source info available)
V  [jvm.dll+0x34fd5e]  (no source info available)
V  [jvm.dll+0x34fff8]  (no source info available)
V  [jvm.dll+0x3289cc]  (no source info available)
V  [jvm.dll+0x32966e]  (no source info available)
V  [jvm.dll+0x8442e5]  (no source info available)
V  [jvm.dll+0x3b9848]  (no source info available)
V  [jvm.dll+0x82d0dc]  (no source info available)
V  [jvm.dll+0x454d4e]  (no source info available)
V  [jvm.dll+0x456bd1]  (no source info available)
C  [jli.dll+0x52a3]  (no source info available)
C  [ucrtbase.dll+0x21bb2]  (no source info available)
C  [KERNEL32.DLL+0x17374]  (no source info available)
C  [ntdll.dll+0x4cc91]  (no source info available)

Lock stack of current Java thread (top to bottom):


---------------  P R O C E S S  ---------------

Threads class SMR info:
_java_thread_list=0x00007ff9ff963618, length=0, elements={
}

Java Threads: ( => current thread )
Total: 0

Other Threads:
  0x000001f42ecdc580 WorkerThread "GC Thread#0"                     [id=1504, stack(0x0000004cc9d00000,0x0000004cc9e00000) (1024K)]
  0x000001f42eced370 ConcurrentGCThread "G1 Main Marker"            [id=13520, stack(0x0000004cc9e00000,0x0000004cc9f00000) (1024K)]
  0x000001f42c9eead0 WorkerThread "G1 Conc#0"                       [id=13572, stack(0x0000004cc9f00000,0x0000004cca000000) (1024K)]

[error occurred during error reporting (printing all threads), id 0xc0000005, EXCEPTION_ACCESS_VIOLATION (0xc0000005) at pc=0x00007ff9ff0abfba]
VM state: not at safepoint (not fully initialized)

VM Mutex/Monitor currently owned by a thread:  ([mutex/lock_event])
[0x00007ff9ff9e3a10] Heap_lock - owner thread: 0x000001f42ec85880

Heap address: 0x0000000082000000, size: 2016 MB, Compressed Oops mode: 32-bit

CDS archive(s) mapped at: [0x0000000000000000-0x0000000000000000-0x0000000000000000), size 0, SharedBaseAddress: 0x0000000800000000, ArchiveRelocationMode: 1.
Narrow klass base: 0x0000000000000000, Narrow klass shift: 0, Narrow klass range: 0x0

GC Precious Log:
 CardTable entry size: 512
 Card Set container configuration: InlinePtr #cards 5 size 8 Array Of Cards #cards 10 size 36 Howl #buckets 4 coarsen threshold 1843 Howl Bitmap #cards 512 size 80 coarsen threshold 460 Card regions per heap region 1 cards per card region 2048

Heap:
 garbage-first heap   total reserved 2064384K, committed 0K, used 0K [0x0000000082000000, 0x0000000100000000)
  region size 1024K, 0 young (0K), 0 survivors (0K)

[error occurred during error reporting (printing heap information), id 0xc0000005, EXCEPTION_ACCESS_VIOLATION (0xc0000005) at pc=0x00007ff9ff4ac3b9]
GC Heap History (0 events):
No events

Dll operation events (2 events):
Event: 0.238 Loaded shared library C:\Users\Admin\.jdks\openjdk-23\bin\java.dll
Event: 0.241 Loaded shared library C:\Users\Admin\.jdks\openjdk-23\bin\zip.dll

Deoptimization events (0 events):
No events

Classes loaded (0 events):
No events

Classes unloaded (0 events):
No events

Classes redefined (0 events):
No events

Internal exceptions (0 events):
No events

VM Operations (0 events):
No events

Memory protections (0 events):
No events

Nmethod flushes (0 events):
No events

Events (0 events):
No events


Dynamic libraries:
0x00007ff7f2000000 - 0x00007ff7f200e000 	C:\Users\Admin\.jdks\openjdk-23\bin\java.exe
0x00007ffa56bd0000 - 0x00007ffa56dc8000 	C:\WINDOWS\SYSTEM32\ntdll.dll
0x00007ffa54df0000 - 0x00007ffa54eb2000 	C:\WINDOWS\System32\KERNEL32.DLL
0x00007ffa546c0000 - 0x00007ffa549be000 	C:\WINDOWS\System32\KERNELBASE.dll
0x00007ffa54270000 - 0x00007ffa54370000 	C:\WINDOWS\System32\ucrtbase.dll
0x00007ffa31f70000 - 0x00007ffa31f8b000 	C:\Users\Admin\.jdks\openjdk-23\bin\VCRUNTIME140.dll
0x00007ffa36030000 - 0x00007ffa36047000 	C:\Users\Admin\.jdks\openjdk-23\bin\jli.dll
0x00007ffa54f50000 - 0x00007ffa550ed000 	C:\WINDOWS\System32\USER32.dll
0x00007ffa54410000 - 0x00007ffa54432000 	C:\WINDOWS\System32\win32u.dll
0x00007ffa35ad0000 - 0x00007ffa35d6a000 	C:\WINDOWS\WinSxS\amd64_microsoft.windows.common-controls_6595b64144ccf1df_6.0.19041.4355_none_60b8b9eb71f62e16\COMCTL32.dll
0x00007ffa54dc0000 - 0x00007ffa54deb000 	C:\WINDOWS\System32\GDI32.dll
0x00007ffa55f60000 - 0x00007ffa55ffe000 	C:\WINDOWS\System32\msvcrt.dll
0x00007ffa54440000 - 0x00007ffa54557000 	C:\WINDOWS\System32\gdi32full.dll
0x00007ffa54370000 - 0x00007ffa5440d000 	C:\WINDOWS\System32\msvcp_win.dll
0x00007ffa56440000 - 0x00007ffa5646f000 	C:\WINDOWS\System32\IMM32.DLL
0x00007ffa4f710000 - 0x00007ffa4f71c000 	C:\Users\Admin\.jdks\openjdk-23\bin\vcruntime140_1.dll
0x00007ffa236d0000 - 0x00007ffa2375e000 	C:\Users\Admin\.jdks\openjdk-23\bin\msvcp140.dll
0x00007ff9fed70000 - 0x00007ff9ffabf000 	C:\Users\Admin\.jdks\openjdk-23\bin\server\jvm.dll
0x00007ffa56520000 - 0x00007ffa565d2000 	C:\WINDOWS\System32\ADVAPI32.dll
0x00007ffa56480000 - 0x00007ffa56520000 	C:\WINDOWS\System32\sechost.dll
0x00007ffa56310000 - 0x00007ffa56433000 	C:\WINDOWS\System32\RPCRT4.dll
0x00007ffa54bc0000 - 0x00007ffa54be7000 	C:\WINDOWS\System32\bcrypt.dll
0x00007ffa561b0000 - 0x00007ffa5621b000 	C:\WINDOWS\System32\WS2_32.dll
0x00007ffa53800000 - 0x00007ffa5384b000 	C:\WINDOWS\SYSTEM32\POWRPROF.dll
0x00007ffa3b410000 - 0x00007ffa3b437000 	C:\WINDOWS\SYSTEM32\WINMM.dll
0x00007ffa4f2a0000 - 0x00007ffa4f2aa000 	C:\WINDOWS\SYSTEM32\VERSION.dll
0x00007ffa53670000 - 0x00007ffa53682000 	C:\WINDOWS\SYSTEM32\UMPDC.dll
0x00007ffa522d0000 - 0x00007ffa522e2000 	C:\WINDOWS\SYSTEM32\kernel.appcore.dll
0x00007ffa49df0000 - 0x00007ffa49dfa000 	C:\Users\Admin\.jdks\openjdk-23\bin\jimage.dll
0x00007ffa51e90000 - 0x00007ffa52074000 	C:\WINDOWS\SYSTEM32\DBGHELP.DLL
0x00007ffa3b290000 - 0x00007ffa3b2c4000 	C:\WINDOWS\SYSTEM32\dbgcore.DLL
0x00007ffa54a70000 - 0x00007ffa54af2000 	C:\WINDOWS\System32\bcryptPrimitives.dll
0x00007ffa2b000000 - 0x00007ffa2b03c000 	C:\Users\Admin\.jdks\openjdk-23\bin\jdwp.dll
0x00007ffa30270000 - 0x00007ffa3027f000 	C:\Users\Admin\.jdks\openjdk-23\bin\instrument.dll
0x00007ffa2fd80000 - 0x00007ffa2fd9e000 	C:\Users\Admin\.jdks\openjdk-23\bin\java.dll
0x00007ffa56940000 - 0x00007ffa56a6b000 	C:\WINDOWS\System32\ole32.dll
0x00007ffa565e0000 - 0x00007ffa56933000 	C:\WINDOWS\System32\combase.dll
0x00007ffa55610000 - 0x00007ffa55d7f000 	C:\WINDOWS\System32\SHELL32.dll
0x00007ffa2c790000 - 0x00007ffa2c7a7000 	C:\Users\Admin\.jdks\openjdk-23\bin\zip.dll

dbghelp: loaded successfully - version: 4.0.5 - missing functions: none
symbol engine: initialized successfully - sym options: 0x614 - pdb path: .;C:\Users\Admin\.jdks\openjdk-23\bin;C:\WINDOWS\SYSTEM32;C:\WINDOWS\WinSxS\amd64_microsoft.windows.common-controls_6595b64144ccf1df_6.0.19041.4355_none_60b8b9eb71f62e16;C:\Users\Admin\.jdks\openjdk-23\bin\server

VM Arguments:
jvm_args: -agentlib:jdwp=transport=dt_socket,address=127.0.0.1:64654,suspend=y,server=n -javaagent:C:\Users\Admin\AppData\Local\JetBrains\IdeaIC2024.2\captureAgent\debugger-agent.jar -Dkotlinx.coroutines.debug.enable.creation.stack.trace=false -Ddebugger.agent.enable.coroutines=true -Dfile.encoding=UTF-8 -Dsun.stdout.encoding=UTF-8 -Dsun.stderr.encoding=UTF-8 
java_command: Oct.ex_24102024.primenumbers
java_class_path (initial): C:\Users\Admin\IdeaProjects\atbjava\out\production\atbjava;C:\Program Files\JetBrains\IntelliJ IDEA Community Edition 2024.2.3\lib\idea_rt.jar
Launcher Type: SUN_STANDARD

[Global flags]
     intx CICompilerCount                          = 3                                         {product} {ergonomic}
     uint ConcGCThreads                            = 1                                         {product} {ergonomic}
     uint G1ConcRefinementThreads                  = 4                                         {product} {ergonomic}
   size_t G1HeapRegionSize                         = 1048576                                   {product} {ergonomic}
   size_t InitialHeapSize                          = 132120576                                 {product} {ergonomic}
   size_t MarkStackSize                            = 4194304                                   {product} {ergonomic}
   size_t MarkStackSizeMax                         = 536870912                                 {product} {ergonomic}
   size_t MaxHeapSize                              = 2113929216                                {product} {ergonomic}
   size_t MinHeapDeltaBytes                        = 1048576                                   {product} {ergonomic}
   size_t MinHeapSize                              = 8388608                                   {product} {ergonomic}
    uintx NonNMethodCodeHeapSize                   = 5832704                                {pd product} {ergonomic}
    uintx NonProfiledCodeHeapSize                  = 122945536                              {pd product} {ergonomic}
    uintx ProfiledCodeHeapSize                     = 122880000                              {pd product} {ergonomic}
    uintx ReservedCodeCacheSize                    = 251658240                              {pd product} {ergonomic}
     bool SegmentedCodeCache                       = true                                      {product} {ergonomic}
   size_t SoftMaxHeapSize                          = 2113929216                             {manageable} {ergonomic}
     bool UseCompressedOops                        = true                           {product lp64_product} {ergonomic}
     bool UseG1GC                                  = true                                      {product} {ergonomic}
     bool UseLargePagesIndividualAllocation        = false                                  {pd product} {ergonomic}

Logging:
Log output configuration:
 #0: stdout all=warning uptime,level,tags foldmultilines=false
 #1: stderr all=off uptime,level,tags foldmultilines=false

Environment Variables:
JAVA_HOME=C:\Program Files\Java\jdk-14
PATH=C:\Program Files\OpenLogic\jdk-21.0.4.7-hotspot\bin;C:\Program Files\Python312\Scripts\;C:\Program Files\Python312\;C:\Program Files (x86)\VMware\VMware Player\bin\;C:\WINDOWS\system32;C:\WINDOWS;C:\WINDOWS\System32\Wbem;C:\WINDOWS\System32\WindowsPowerShell\v1.0\;C:\WINDOWS\System32\OpenSSH\;C:\Program Files\Java\jdk1.8.0_191\bin;C:\Program Files\Java\jre1.8.0_191\bin;C:\TURBOC3\BIN;C:\Program Files\Microsoft SQL Server\140\Tools\Binn\;C:\Users\Admin\AppData\Local\Programs\Python\Python310\Scripts;C:\Users\Admin\AppData\Local\Programs\Python\Python310;C:\Users\Admin\AppData\Local\Programs\Python\Python310\Scripts\chromedriver;C:\Program Files (x86)\PuTTY\;C:\Program Files\HP\HP One Agent;C:\Program Files\dotnet\;C:\Program Files\Git\cmd;C:\Program Files\MySQL\MySQL Shell 8.0\bin\;C:\Users\Admin\AppData\Local\Programs\Python\Python310\Scripts\;C:\Users\Admin\AppData\Local\Programs\Python\Python310\;C:\Python\Python38\Scripts\;C:\Python\Python38\;C:\Users\Admin\AppData\Local\Microsoft\WindowsApps;C:\Users\Admin\AppData\Local\JetBrains\PyCharm 2021.3.2\bin;;C:\Program Files\JetBrains\PyCharm Community Edition 2021.3.2\bin;;C:\Users\Admin\AppData\Local\Programs\Python\Python310\Scripts\chromedriver;
USERNAME=Admin
OS=Windows_NT
PROCESSOR_IDENTIFIER=Intel64 Family 6 Model 142 Stepping 9, GenuineIntel
TMP=C:\Users\Admin\AppData\Local\Temp
TEMP=C:\Users\Admin\AppData\Local\Temp




Periodic native trim disabled

---------------  S Y S T E M  ---------------

OS:
 Windows 10 , 64 bit Build 19041 (10.0.19041.4957)
OS uptime: 1 days 12:19 hours

CPU: total 4 (initial active 4) (2 cores per cpu, 2 threads per core) family 6 model 142 stepping 9 microcode 0xb4, cx8, cmov, fxsr, ht, mmx, 3dnowpref, sse, sse2, sse3, ssse3, sse4.1, sse4.2, popcnt, lzcnt, tsc, tscinvbit, avx, avx2, aes, erms, clmul, bmi1, bmi2, adx, fma, vzeroupper, clflush, clflushopt, rdtscp, f16c
Processor Information for the first 4 processors :
  Max Mhz: 2304, Current Mhz: 2304, Mhz Limit: 2304

Memory: 4k page, system-wide physical 8060M (819M free)
TotalPageFile size 10108M (AvailPageFile size 84M)
current process WorkingSet (physical memory assigned to process): 11M, peak: 11M
current process commit charge ("private bytes"): 52M, peak: 178M

vm_info: OpenJDK 64-Bit Server VM (23+37-2369) for windows-amd64 JRE (23+37-2369), built on 2024-08-20T16:01:23Z with MS VC++ 17.6 (VS2022)

END.
